# JRE version: OpenJDK Runtime Environment Temurin-21.0.8+9 (21.0.8+9) (build 21.0.8+9-LTS)
# Java VM: OpenJDK 64-Bit Server VM Temurin-21.0.8+9 (21.0.8+9-LTS, mixed mode, sharing, tiered, compressed oops, compressed class ptrs, parallel gc, linux-amd64)
GC Precious Log:
 CardTable entry size: 512
 CPUs: 12 total, 12 available
 Memory: 19356M
 Large Page Support: Disabled
 NUMA Support: Disabled
 Compressed Oops: Enabled (32-bit)
 Alignments: Space 512K, Generation 512K, Heap 2M
 Heap Min Capacity: 100M
 Heap Initial Capacity: 100M
 Heap Max Capacity: 2G
 Pre-touch: Disabled
 Parallel Workers: 10
Heap:
 PSYoungGen      total 1024K, used 0K [0x00000000d5580000, 0x00000000d5b80000, 0x0000000100000000)
  eden space 512K, 0% used [0x00000000d5580000,0x00000000d5580000,0x00000000d5600000)
  from space 512K, 0% used [0x00000000d5600000,0x00000000d5600000,0x00000000d5680000)
  to   space 2048K, 0% used [0x00000000d5980000,0x00000000d5980000,0x00000000d5b80000)
 ParOldGen       total 1022976K, used 564107K [0x0000000080000000, 0x00000000be700000, 0x00000000d5580000)
  object space 1022976K, 55% used [0x0000000080000000,0x00000000a26e2c68,0x00000000be700000)
 Metaspace       used 84566K, committed 86336K, reserved 1179648K
  class space    used 8662K, committed 9472K, reserved 1048576K
GC Heap History (20 events):
Event: 8420,809 GC heap after
{Heap after GC invocations=1160 (full 4):
 PSYoungGen      total 2048K, used 640K [0x00000000d5580000, 0x00000000d5900000, 0x0000000100000000)
  eden space 1024K, 0% used [0x00000000d5580000,0x00000000d5580000,0x00000000d5680000)
  from space 1024K, 62% used [0x00000000d5800000,0x00000000d58a0000,0x00000000d5900000)
  to   space 1024K, 0% used [0x00000000d5700000,0x00000000d5700000,0x00000000d5800000)
 ParOldGen       total 1022976K, used 549339K [0x0000000080000000, 0x00000000be700000, 0x00000000d5580000)
  object space 1022976K, 53% used [0x0000000080000000,0x00000000a1876c68,0x00000000be700000)
 Metaspace       used 84566K, committed 86336K, reserved 1179648K
  class space    used 8662K, committed 9472K, reserved 1048576K
}
Event: 8420,810 GC heap before
{Heap before GC invocations=1161 (full 4):
 PSYoungGen      total 2048K, used 1664K [0x00000000d5580000, 0x00000000d5900000, 0x0000000100000000)
  eden space 1024K, 100% used [0x00000000d5580000,0x00000000d5680000,0x00000000d5680000)
  from space 1024K, 62% used [0x00000000d5800000,0x00000000d58a0000,0x00000000d5900000)
  to   space 1024K, 0% used [0x00000000d5700000,0x00000000d5700000,0x00000000d5800000)
 ParOldGen       total 1022976K, used 549339K [0x0000000080000000, 0x00000000be700000, 0x00000000d5580000)
  object space 1022976K, 53% used [0x0000000080000000,0x00000000a1876c68,0x00000000be700000)
 Metaspace       used 84566K, committed 86336K, reserved 1179648K
  class space    used 8662K, committed 9472K, reserved 1048576K
}
Event: 8420,812 GC heap after
{Heap after GC invocations=1161 (full 4):
 PSYoungGen      total 2560K, used 1024K [0x00000000d5580000, 0x00000000d5b00000, 0x0000000100000000)
  eden space 1536K, 0% used [0x00000000d5580000,0x00000000d5580000,0x00000000d5700000)
  from space 1024K, 100% used [0x00000000d5700000,0x00000000d5800000,0x00000000d5800000)
  to   space 2048K, 0% used [0x00000000d5900000,0x00000000d5900000,0x00000000d5b00000)
 ParOldGen       total 1022976K, used 549899K [0x0000000080000000, 0x00000000be700000, 0x00000000d5580000)
  object space 1022976K, 53% used [0x0000000080000000,0x00000000a1902c68,0x00000000be700000)
 Metaspace       used 84566K, committed 86336K, reserved 1179648K
  class space    used 8662K, committed 9472K, reserved 1048576K
}
Event: 8420,814 GC heap before
{Heap before GC invocations=1162 (full 4):
 PSYoungGen      total 2560K, used 2560K [0x00000000d5580000, 0x00000000d5b00000, 0x0000000100000000)
  eden space 1536K, 100% used [0x00000000d5580000,0x00000000d5700000,0x00000000d5700000)
  from space 1024K, 100% used [0x00000000d5700000,0x00000000d5800000,0x00000000d5800000)
  to   space 2048K, 0% used [0x00000000d5900000,0x00000000d5900000,0x00000000d5b00000)
 ParOldGen       total 1022976K, used 549899K [0x0000000080000000, 0x00000000be700000, 0x00000000d5580000)
  object space 1022976K, 53% used [0x0000000080000000,0x00000000a1902c68,0x00000000be700000)
 Metaspace       used 84566K, committed 86336K, reserved 1179648K
  class space    used 8662K, committed 9472K, reserved 1048576K
}
Event: 8420,816 GC heap after
{Heap after GC invocations=1162 (full 4):
 PSYoungGen      total 3584K, used 1664K [0x00000000d5580000, 0x00000000d5b80000, 0x0000000100000000)
  eden space 1536K, 0% used [0x00000000d5580000,0x00000000d5580000,0x00000000d5700000)
  from space 2048K, 81% used [0x00000000d5900000,0x00000000d5aa0000,0x00000000d5b00000)
  to   space 2048K, 0% used [0x00000000d5700000,0x00000000d5700000,0x00000000d5900000)
 ParOldGen       total 1022976K, used 550899K [0x0000000080000000, 0x00000000be700000, 0x00000000d5580000)
  object space 1022976K, 53% used [0x0000000080000000,0x00000000a19fcc68,0x00000000be700000)
 Metaspace       used 84566K, committed 86336K, reserved 1179648K
  class space    used 8662K, committed 9472K, reserved 1048576K
}
Event: 8420,818 GC heap before
{Heap before GC invocations=1163 (full 4):
 PSYoungGen      total 3584K, used 3200K [0x00000000d5580000, 0x00000000d5b80000, 0x0000000100000000)
  eden space 1536K, 100% used [0x00000000d5580000,0x00000000d5700000,0x00000000d5700000)
  from space 2048K, 81% used [0x00000000d5900000,0x00000000d5aa0000,0x00000000d5b00000)
  to   space 2048K, 0% used [0x00000000d5700000,0x00000000d5700000,0x00000000d5900000)
 ParOldGen       total 1022976K, used 550899K [0x0000000080000000, 0x00000000be700000, 0x00000000d5580000)
  object space 1022976K, 53% used [0x0000000080000000,0x00000000a19fcc68,0x00000000be700000)
 Metaspace       used 84566K, committed 86336K, reserved 1179648K
  class space    used 8662K, committed 9472K, reserved 1048576K
}
Event: 8420,820 GC heap after
{Heap after GC invocations=1163 (full 4):
 PSYoungGen      total 3584K, used 1664K [0x00000000d5580000, 0x00000000d5b80000, 0x0000000100000000)
  eden space 1536K, 0% used [0x00000000d5580000,0x00000000d5580000,0x00000000d5700000)
  from space 2048K, 81% used [0x00000000d5700000,0x00000000d58a0000,0x00000000d5900000)
  to   space 2048K, 0% used [0x00000000d5980000,0x00000000d5980000,0x00000000d5b80000)
 ParOldGen       total 1022976K, used 552443K [0x0000000080000000, 0x00000000be700000, 0x00000000d5580000)
  object space 1022976K, 54% used [0x0000000080000000,0x00000000a1b7ec68,0x00000000be700000)
 Metaspace       used 84566K, committed 86336K, reserved 1179648K
  class space    used 8662K, committed 9472K, reserved 1048576K
}
Event: 8420,822 GC heap before
{Heap before GC invocations=1164 (full 4):
 PSYoungGen      total 3584K, used 3200K [0x00000000d5580000, 0x00000000d5b80000, 0x0000000100000000)
  eden space 1536K, 100% used [0x00000000d5580000,0x00000000d5700000,0x00000000d5700000)
  from space 2048K, 81% used [0x00000000d5700000,0x00000000d58a0000,0x00000000d5900000)
  to   space 2048K, 0% used [0x00000000d5980000,0x00000000d5980000,0x00000000d5b80000)
 ParOldGen       total 1022976K, used 552443K [0x0000000080000000, 0x00000000be700000, 0x00000000d5580000)
  object space 1022976K, 54% used [0x0000000080000000,0x00000000a1b7ec68,0x00000000be700000)
 Metaspace       used 84566K, committed 86336K, reserved 1179648K
  class space    used 8662K, committed 9472K, reserved 1048576K
}
Event: 8420,825 GC heap after
{Heap after GC invocations=1164 (full 4):
 PSYoungGen      total 4096K, used 1664K [0x00000000d5580000, 0x00000000d5b80000, 0x0000000100000000)
  eden space 2048K, 0% used [0x00000000d5580000,0x00000000d5580000,0x00000000d5780000)
  from space 2048K, 81% used [0x00000000d5980000,0x00000000d5b20000,0x00000000d5b80000)
  to   space 2048K, 0% used [0x00000000d5780000,0x00000000d5780000,0x00000000d5980000)
 ParOldGen       total 1022976K, used 553995K [0x0000000080000000, 0x00000000be700000, 0x00000000d5580000)
  object space 1022976K, 54% used [0x0000000080000000,0x00000000a1d02c68,0x00000000be700000)
 Metaspace       used 84566K, committed 86336K, reserved 1179648K
  class space    used 8662K, committed 9472K, reserved 1048576K
}
Event: 8420,828 GC heap before
{Heap before GC invocations=1165 (full 4):
 PSYoungGen      total 4096K, used 3712K [0x00000000d5580000, 0x00000000d5b80000, 0x0000000100000000)
  eden space 2048K, 100% used [0x00000000d5580000,0x00000000d5780000,0x00000000d5780000)
  from space 2048K, 81% used [0x00000000d5980000,0x00000000d5b20000,0x00000000d5b80000)
  to   space 2048K, 0% used [0x00000000d5780000,0x00000000d5780000,0x00000000d5980000)
 ParOldGen       total 1022976K, used 553995K [0x0000000080000000, 0x00000000be700000, 0x00000000d5580000)
  object space 1022976K, 54% used [0x0000000080000000,0x00000000a1d02c68,0x00000000be700000)
 Metaspace       used 84566K, committed 86336K, reserved 1179648K
  class space    used 8662K, committed 9472K, reserved 1048576K
}
Event: 8420,830 GC heap after
{Heap after GC invocations=1165 (full 4):
 PSYoungGen      total 4096K, used 2048K [0x00000000d5580000, 0x00000000d6000000, 0x0000000100000000)
  eden space 2048K, 0% used [0x00000000d5580000,0x00000000d5580000,0x00000000d5780000)
  from space 2048K, 100% used [0x00000000d5780000,0x00000000d5980000,0x00000000d5980000)
  to   space 4096K, 0% used [0x00000000d5c00000,0x00000000d5c00000,0x00000000d6000000)
 ParOldGen       total 1022976K, used 555587K [0x0000000080000000, 0x00000000be700000, 0x00000000d5580000)
  object space 1022976K, 54% used [0x0000000080000000,0x00000000a1e90c68,0x00000000be700000)
 Metaspace       used 84566K, committed 86336K, reserved 1179648K
  class space    used 8662K, committed 9472K, reserved 1048576K
}
Event: 8420,832 GC heap before
{Heap before GC invocations=1166 (full 4):
 PSYoungGen      total 4096K, used 4096K [0x00000000d5580000, 0x00000000d6000000, 0x0000000100000000)
  eden space 2048K, 100% used [0x00000000d5580000,0x00000000d5780000,0x00000000d5780000)
  from space 2048K, 100% used [0x00000000d5780000,0x00000000d5980000,0x00000000d5980000)
  to   space 4096K, 0% used [0x00000000d5c00000,0x00000000d5c00000,0x00000000d6000000)
 ParOldGen       total 1022976K, used 555587K [0x0000000080000000, 0x00000000be700000, 0x00000000d5580000)
  object space 1022976K, 54% used [0x0000000080000000,0x00000000a1e90c68,0x00000000be700000)
 Metaspace       used 84566K, committed 86336K, reserved 1179648K
  class space    used 8662K, committed 9472K, reserved 1048576K
}
Event: 8420,835 GC heap after
{Heap after GC invocations=1166 (full 4):
 PSYoungGen      total 5120K, used 2144K [0x00000000d5580000, 0x00000000d5e80000, 0x0000000100000000)
  eden space 2560K, 0% used [0x00000000d5580000,0x00000000d5580000,0x00000000d5800000)
  from space 2560K, 83% used [0x00000000d5c00000,0x00000000d5e18000,0x00000000d5e80000)
  to   space 3072K, 0% used [0x00000000d5880000,0x00000000d5880000,0x00000000d5b80000)
 ParOldGen       total 1022976K, used 557619K [0x0000000080000000, 0x00000000be700000, 0x00000000d5580000)
  object space 1022976K, 54% used [0x0000000080000000,0x00000000a208cc68,0x00000000be700000)
 Metaspace       used 84566K, committed 86336K, reserved 1179648K
  class space    used 8662K, committed 9472K, reserved 1048576K
}
Event: 8420,840 GC heap before
{Heap before GC invocations=1167 (full 4):
 PSYoungGen      total 5120K, used 4543K [0x00000000d5580000, 0x00000000d5e80000, 0x0000000100000000)
  eden space 2560K, 93% used [0x00000000d5580000,0x00000000d57d7f90,0x00000000d5800000)
  from space 2560K, 83% used [0x00000000d5c00000,0x00000000d5e18000,0x00000000d5e80000)
  to   space 3072K, 0% used [0x00000000d5880000,0x00000000d5880000,0x00000000d5b80000)
 ParOldGen       total 1022976K, used 557619K [0x0000000080000000, 0x00000000be700000, 0x00000000d5580000)
  object space 1022976K, 54% used [0x0000000080000000,0x00000000a208cc68,0x00000000be700000)
 Metaspace       used 84566K, committed 86336K, reserved 1179648K
  class space    used 8662K, committed 9472K, reserved 1048576K
}
Event: 8420,842 GC heap after
{Heap after GC invocations=1167 (full 4):
 PSYoungGen      total 5632K, used 2298K [0x00000000d5580000, 0x00000000d5d80000, 0x0000000100000000)
  eden space 3072K, 0% used [0x00000000d5580000,0x00000000d5580000,0x00000000d5880000)
  from space 2560K, 89% used [0x00000000d5880000,0x00000000d5abe800,0x00000000d5b00000)
  to   space 2560K, 0% used [0x00000000d5b00000,0x00000000d5b00000,0x00000000d5d80000)
 ParOldGen       total 1022976K, used 559699K [0x0000000080000000, 0x00000000be700000, 0x00000000d5580000)
  object space 1022976K, 54% used [0x0000000080000000,0x00000000a2294c68,0x00000000be700000)
 Metaspace       used 84566K, committed 86336K, reserved 1179648K
  class space    used 8662K, committed 9472K, reserved 1048576K
}
Event: 8420,853 GC heap before
{Heap before GC invocations=1168 (full 4):
 PSYoungGen      total 5632K, used 5068K [0x00000000d5580000, 0x00000000d5d80000, 0x0000000100000000)
  eden space 3072K, 90% used [0x00000000d5580000,0x00000000d5834820,0x00000000d5880000)
  from space 2560K, 89% used [0x00000000d5880000,0x00000000d5abe800,0x00000000d5b00000)
  to   space 2560K, 0% used [0x00000000d5b00000,0x00000000d5b00000,0x00000000d5d80000)
 ParOldGen       total 1022976K, used 559699K [0x0000000080000000, 0x00000000be700000, 0x00000000d5580000)
  object space 1022976K, 54% used [0x0000000080000000,0x00000000a2294c68,0x00000000be700000)
 Metaspace       used 84566K, committed 86336K, reserved 1179648K
  class space    used 8662K, committed 9472K, reserved 1048576K
}
Event: 8420,857 GC heap after
{Heap after GC invocations=1168 (full 4):
 PSYoungGen      total 3072K, used 2536K [0x00000000d5580000, 0x00000000d6380000, 0x0000000100000000)
  eden space 512K, 0% used [0x00000000d5580000,0x00000000d5580000,0x00000000d5600000)
  from space 2560K, 99% used [0x00000000d5b00000,0x00000000d5d7a000,0x00000000d5d80000)
  to   space 5120K, 0% used [0x00000000d5600000,0x00000000d5600000,0x00000000d5b00000)
 ParOldGen       total 1022976K, used 561587K [0x0000000080000000, 0x00000000be700000, 0x00000000d5580000)
  object space 1022976K, 54% used [0x0000000080000000,0x00000000a246cc68,0x00000000be700000)
 Metaspace       used 84566K, committed 86336K, reserved 1179648K
  class space    used 8662K, committed 9472K, reserved 1048576K
}
Event: 8420,857 GC heap before
{Heap before GC invocations=1169 (full 4):
 PSYoungGen      total 3072K, used 2536K [0x00000000d5580000, 0x00000000d6380000, 0x0000000100000000)
  eden space 512K, 0% used [0x00000000d5580000,0x00000000d5580000,0x00000000d5600000)
  from space 2560K, 99% used [0x00000000d5b00000,0x00000000d5d7a000,0x00000000d5d80000)
  to   space 5120K, 0% used [0x00000000d5600000,0x00000000d5600000,0x00000000d5b00000)
 ParOldGen       total 1022976K, used 561587K [0x0000000080000000, 0x00000000be700000, 0x00000000d5580000)
  object space 1022976K, 54% used [0x0000000080000000,0x00000000a246cc68,0x00000000be700000)
 Metaspace       used 84566K, committed 86336K, reserved 1179648K
  class space    used 8662K, committed 9472K, reserved 1048576K
}
Event: 8420,860 GC heap after
{Heap after GC invocations=1169 (full 4):
 PSYoungGen      total 1024K, used 0K [0x00000000d5580000, 0x00000000d5b80000, 0x0000000100000000)
  eden space 512K, 0% used [0x00000000d5580000,0x00000000d5580000,0x00000000d5600000)
  from space 512K, 0% used [0x00000000d5600000,0x00000000d5600000,0x00000000d5680000)
  to   space 2048K, 0% used [0x00000000d5980000,0x00000000d5980000,0x00000000d5b80000)
 ParOldGen       total 1022976K, used 564107K [0x0000000080000000, 0x00000000be700000, 0x00000000d5580000)
  object space 1022976K, 55% used [0x0000000080000000,0x00000000a26e2c68,0x00000000be700000)
 Metaspace       used 84566K, committed 86336K, reserved 1179648K
  class space    used 8662K, committed 9472K, reserved 1048576K
}
Event: 8420,860 GC heap before
{Heap before GC invocations=1170 (full 5):
 PSYoungGen      total 1024K, used 0K [0x00000000d5580000, 0x00000000d5b80000, 0x0000000100000000)
  eden space 512K, 0% used [0x00000000d5580000,0x00000000d5580000,0x00000000d5600000)
  from space 512K, 0% used [0x00000000d5600000,0x00000000d5600000,0x00000000d5680000)
  to   space 2048K, 0% used [0x00000000d5980000,0x00000000d5980000,0x00000000d5b80000)
 ParOldGen       total 1022976K, used 564107K [0x0000000080000000, 0x00000000be700000, 0x00000000d5580000)
  object space 1022976K, 55% used [0x0000000080000000,0x00000000a26e2c68,0x00000000be700000)
 Metaspace       used 84566K, committed 86336K, reserved 1179648K
  class space    used 8662K, committed 9472K, reserved 1048576K
}

